<?xml version="1.0" encoding="UTF-8"?>
<testng-results skipped="0" failed="0" total="2" passed="2">
  <reporter-output>
  </reporter-output>
  <suite name="Suite" duration-ms="17438" started-at="2020-01-06T09:42:23Z" finished-at="2020-01-06T09:42:40Z">
    <groups>
    </groups>
    <test name="TestCase" duration-ms="17438" started-at="2020-01-06T09:42:23Z" finished-at="2020-01-06T09:42:40Z">
      <class name="TestCase.Test2">
        <test-method status="PASS" signature="setup(java.lang.String)[pri:0, instance:TestCase.Test2@39fb3ab6]" name="setup" is-config="true" duration-ms="3126" started-at="2020-01-06T15:12:31Z" finished-at="2020-01-06T15:12:34Z">
          <params>
            <param index="0">
              <value>
                <![CDATA[chrome]]>
              </value>
            </param>
          </params>
          <reporter-output>
          </reporter-output>
        </test-method> <!-- setup -->
        <test-method status="PASS" signature="loginTest()[pri:0, instance:TestCase.Test2@39fb3ab6]" name="loginTest" duration-ms="5537" started-at="2020-01-06T15:12:34Z" finished-at="2020-01-06T15:12:39Z">
          <reporter-output>
          </reporter-output>
        </test-method> <!-- loginTest -->
        <test-method status="PASS" signature="teardown()[pri:0, instance:TestCase.Test2@39fb3ab6]" name="teardown" is-config="true" duration-ms="831" started-at="2020-01-06T15:12:39Z" finished-at="2020-01-06T15:12:40Z">
          <reporter-output>
          </reporter-output>
        </test-method> <!-- teardown -->
      </class> <!-- TestCase.Test2 -->
      <class name="TestCase.Test1">
        <test-method status="PASS" signature="setup(java.lang.String)[pri:0, instance:TestCase.Test1@737996a0]" name="setup" is-config="true" duration-ms="6023" started-at="2020-01-06T15:12:23Z" finished-at="2020-01-06T15:12:29Z">
          <params>
            <param index="0">
              <value>
                <![CDATA[chrome]]>
              </value>
            </param>
          </params>
          <reporter-output>
          </reporter-output>
        </test-method> <!-- setup -->
        <test-method status="PASS" signature="TestCase()[pri:0, instance:TestCase.Test1@737996a0]" name="TestCase" duration-ms="531" started-at="2020-01-06T15:12:29Z" finished-at="2020-01-06T15:12:29Z">
          <reporter-output>
          </reporter-output>
        </test-method> <!-- TestCase -->
        <test-method status="PASS" signature="teardown()[pri:0, instance:TestCase.Test1@737996a0]" name="teardown" is-config="true" duration-ms="1375" started-at="2020-01-06T15:12:29Z" finished-at="2020-01-06T15:12:31Z">
          <reporter-output>
          </reporter-output>
        </test-method> <!-- teardown -->
      </class> <!-- TestCase.Test1 -->
    </test> <!-- TestCase -->
  </suite> <!-- Suite -->
</testng-results>
