<?xml version="1.0" encoding="UTF-8"?>
<testng-results skipped="0" failed="0" total="2" passed="2">
  <reporter-output>
  </reporter-output>
  <suite name="Suite" duration-ms="10869" started-at="2019-12-27T10:10:26Z" finished-at="2019-12-27T10:10:37Z">
    <groups>
    </groups>
    <test name="Test" duration-ms="10869" started-at="2019-12-27T10:10:26Z" finished-at="2019-12-27T10:10:37Z">
      <class name="TestCase.TestCase1">
        <test-method status="PASS" signature="setup(java.lang.String)[pri:0, instance:TestCase.TestCase1@1e88b3c]" name="setup" is-config="true" duration-ms="3772" started-at="2019-12-27T15:40:26Z" finished-at="2019-12-27T15:40:29Z">
          <params>
            <param index="0">
              <value>
                <![CDATA[chrome]]>
              </value>
            </param>
          </params>
          <reporter-output>
          </reporter-output>
        </test-method> <!-- setup -->
        <test-method status="PASS" signature="loginTest()[pri:0, instance:TestCase.TestCase1@1e88b3c]" name="loginTest" duration-ms="5297" started-at="2019-12-27T15:40:29Z" finished-at="2019-12-27T15:40:35Z">
          <reporter-output>
          </reporter-output>
        </test-method> <!-- loginTest -->
        <test-method status="PASS" signature="teardown()[pri:0, instance:TestCase.TestCase1@1e88b3c]" name="teardown" is-config="true" duration-ms="1358" started-at="2019-12-27T15:40:35Z" finished-at="2019-12-27T15:40:36Z">
          <reporter-output>
          </reporter-output>
        </test-method> <!-- teardown -->
      </class> <!-- TestCase.TestCase1 -->
      <class name="TestCase.TestCase2">
        <test-method status="PASS" signature="TestCase()[pri:0, instance:TestCase.TestCase2@42d80b78]" name="TestCase" duration-ms="408" started-at="2019-12-27T15:40:36Z" finished-at="2019-12-27T15:40:37Z">
          <reporter-output>
          </reporter-output>
        </test-method> <!-- TestCase -->
      </class> <!-- TestCase.TestCase2 -->
    </test> <!-- Test -->
  </suite> <!-- Suite -->
</testng-results>
